Using network 'rinkeby'.

Running migration: 1_initial_migration.js
  Deploying Migrations...
  ... 0x5844fcf17ee1fab08d34e8187e9c334d17c595306708ba712f0dcab717969c8f
  Migrations: 0xc2efd0b24aab3e625e56b21c229866335b92e9a9
Saving artifacts...
Running migration: 2_deploy_contracts.js
  Deploying FarmerRole...
  ... 0xa6f2bdb5ecc4954fbaab1e6eefe00b91027b964ccca5c4e5ae4f6bb4dd2c453c
  FarmerRole: 0xfc612acda6b09041cc716c6c8853ae86bf3e7e01
  Deploying DistributorRole...
  ... 0x4824ed846653499017bfc05c2b74ca28c8e80faa912ca812c43b2d514158529d
  DistributorRole: 0x03eefcef7eebff7627f5f86da24a1054612f8f2f
  Deploying RetailerRole...
  ... 0x222e5042f9d9bb370de93995cddf32b30eee04e27599030f92507b1a2d1fff95
  RetailerRole: 0x50e8b69f067f14ae50891b1ff31104f1f1318822
  Deploying ConsumerRole...
  ... 0x8c15a8e6c4e9d4a2a309efc77bbbe31b9bdde1c543f063616baa4c6cc9e59fd0
  ConsumerRole: 0x4f3a27f02b4192d6d1b6fb6341f016191035afe4
  Deploying SupplyChain...
  ... 0xd715073877a82023edcd948b140efb7063bdf29d3b1eff06b0cb3d94581c3c69
  SupplyChain: 0x54b70d49863b774f7bbdcc92c77097294b1e5ea6
Saving artifacts...